<?xml version="1.0" encoding="UTF-8"?>
<!-- Generated by org.testng.reporters.JUnitXMLReporter -->
<testsuite hostname="NIT-LPT-R117" ignored="0" name="Default test" tests="15" failures="0" timestamp="15 Sep 2019 14:13:00 GMT" time="49.192" errors="0">
  <testcase name="loginPageTitleTest" time="0.784" classname="com.qaTest.Logintestcases.GmailTestCase"/>
  <testcase name="VerifyEmail" time="0.494" classname="com.qaTest.Logintestcases.GmailTestCase"/>
  <testcase name="VerifyNext" time="0.737" classname="com.qaTest.Logintestcases.GmailTestCase"/>
  <testcase name="VerifyPassword" time="3.322" classname="com.qaTest.Logintestcases.GmailTestCase"/>
  <testcase name="VerifyNext2" time="0.281" classname="com.qaTest.Logintestcases.GmailTestCase"/>
  <testcase name="ClickOnCompose" time="8.291" classname="com.qaTest.Logintestcases.GmailTestCase"/>
  <testcase name="VerifyLabel" time="8.257" classname="com.qaTest.Logintestcases.GmailTestCase"/>
  <testcase name="VerifyTypeLabel" time="3.426" classname="com.qaTest.Logintestcases.GmailTestCase"/>
  <testcase name="VerifyRecipient" time="1.104" classname="com.qaTest.Logintestcases.GmailTestCase"/>
  <testcase name="VerifySubject" time="3.503" classname="com.qaTest.Logintestcases.GmailTestCase"/>
  <testcase name="VerifyDiscp" time="1.187" classname="com.qaTest.Logintestcases.GmailTestCase"/>
  <testcase name="VerifyClickSendBtn" time="2.389" classname="com.qaTest.Logintestcases.GmailTestCase"/>
  <testcase name="verifySocialMailBox" time="3.641" classname="com.qaTest.Logintestcases.GmailTestCase"/>
  <testcase name="verifyStar" time="0.387" classname="com.qaTest.Logintestcases.GmailTestCase"/>
  <testcase name="verifySearchMailBox" time="1.398" classname="com.qaTest.Logintestcases.GmailTestCase"/>
</testsuite> <!-- Default test -->
